#INFO: Starting ...
#INFO: Command line: /home/nikitos/varquest/dereplicator/cycloquest_minimal/bin/dereplicate ../../var-scoring/dereplicator_output/work/spectra-00000.mgf ../../var-scoring/pnp/pnpdatabase ../../var-scoring/pnp/pnpdatabase/library.info --configs_dir ../../var-scoring/dereplicator_output/work/configs --product_ion_thresh 0.02 --pm_thresh 0.02 --max_charge 2 --isotope 0 
#INFO: Current working dir: /home/nikitos/varquest/dereplicator/cycloquest_minimal
#INFO: Using fragment list: ../../var-scoring/dereplicator_output/work/configs/configs/common/fragment_list_amide.txt
#INFO: parse spectrum file
#INFO: parsing done
#INFO: peak merging
#INFO: peak filtering
#INFO: load done, elapsed: 1.75827
#INFO: 11841 spectra loaded with charges from 1 to 1.
#INFO: filtering database by min number of components per compound
#INFO: filtering finished, number of compound reduced from 5021 to 4936
#INFO: detecting candidate compound spectrum matches ....................................................................................................#INFO: elapsed: 0.053707
#INFO: will construct theoric spectrum for 1412 compounds 
#INFO: Computing scores for 2721 compound spectrum matches ...............................................................................................#INFO: elapsed: 2.90189
DNP,AntiMarin Laxaphycin_A_Laxaphycin_A 2046 1195.72 5253 5253 1196.73 -1 M+H 1 0 0.441648 0 40 2.64901e-77
DNP,AntiMarin Barangamides_Barangamide_A 1133 1091.73 5111 5111 1092.74 -1 M+H 1 0 0.327308 0 33 1.19244e-55
StreptomeDB E'Surugamide_B' 3493 897.605 3784 3784 898.62 -1 M+H 1 0 7.81458 0 31 1.96467e-71
DNP,AntiMarin Cyclosporin,_9CI_Cyclosporin_B 1947 1187.83 8304 8304 1188.84 -1 M+H 1 0 5.43592 0 31 7.81753e-60
DNP,StreptomeDB Telomycin_Telomycin 2384 1271.55 1250 1250 1272.56 -1 M+H 1 0 4.96057 0 31 1.27927e-64
AntiMarin theonellapeptolide_VI 4650 1389.92 3888 3888 1390.94 -1 M+H 1 0 7.98607 0 31 8.3819e-53
StreptomeDB E'Surugamide_D' 3495 897.605 6671 6671 898.63 -1 M+H 1 0 18.9553 0 30 3.96521e-68
DNP,AntiMarin Cyclosporin,_9CI_9-(N-Methyl-L-isoleucine)_analogue 1062 1201.84 185 185 1202.85 -1 M+H 1 0 0.671373 0 29 2.97469e-58
DNP,AntiMarin Cyclosporin,_9CI_Cyclosporin_E 2080 1187.83 717 717 1188.83 -1 M+H 1 0 -2.9828 0 29 1.6728e-56
StreptomeDB E'Surugamide_B' 3493 897.605 712 712 898.63 -1 M+H 1 0 18.9553 0 28 1.62257e-64
DNP Puwainaphycin_B_Puwainaphycin_B 2417 1232.74 2250 2250 1233.75 -1 M+H 1 0 3.36628 0 27 4.50166e-47
DNP,MIBiG,AntiMarin Orfamide_A_Orfamide_A 1622 1294.84 11101 11101 1295.84 -1 M+H 1 0 -3.2184 0 27 1.17141e-49
AntiMarin Scytonemin_A 4671 1462.76 2483 2483 1463.78 -1 M+H 1 0 8.63193 0 27 2.59472e-45
StreptomeDB E'Surugamide_C' 3494 897.605 2277 2277 898.63 -1 M+H 1 0 18.9553 0 27 1.51687e-60
DNP Citrusin_VI_Citrusin_VI 809 794.469 3987 3987 795.478 -1 M+H 1 0 1.40214 0 26 7.01444e-55
DNP,MIBiG,AntiMarin Orfamide_A_7-Valine_analogue 393 1280.82 7271 7271 1281.83 -1 M+H 1 0 1.15765 0 26 2.66702e-47
DNP,MIBiG,AntiMarin Orfamide_A_10-N-Deacyl,_10-N-(3-hydroxydodecanoyl) 355 1266.81 5199 5199 1267.81 -1 M+H 1 0 -2.26332 0 24 8.77358e-43
DNP Talaromin_A_Talaromin_A 1749 763.39 9344 9344 764.398 -1 M+H 1 0 -0.394777 0 23 1.33795e-43
DNP Puwainaphycin_C_Puwainaphycin_C 882 1226.67 8345 8345 1227.69 -1 M+H 1 0 11.7572 0 23 6.59344e-38
DNP,AntiMarin Unguisin_E_Unguisin_E 2297 772.427 3562 3562 773.434 -1 M+H 1 0 -1.3221 0 22 1.8152e-39
AntiMarin hymenamide_K 4195 1006.49 3659 3659 1007.5 -1 M+H 1 0 0.916009 0 22 3.41072e-49
DNP Bacillopeptin_Bacillopeptin_B 1614 1034.53 2287 2287 1035.54 -1 M+H 1 0 3.62347 0 22 2.11872e-40
DNP Puwainaphycin_D_Puwainaphycin_D 1195 1224.69 4554 4554 1225.71 -1 M+H 1 0 11.1757 0 22 3.19434e-35
DNP,AntiMarin Aspergillicin_A_Aspergillicin_A 2220 740.411 3190 3190 741.418 -1 M+H 1 0 -0.948743 0 21 2.60614e-39
DNP Putisolvin_I_Putisolvin_I 1101 1379.83 7188 7188 1380.83 -1 M+H 1 0 -3.90885 0 21 5.65903e-49
DNP Surfactin_7-L-Valine_analogue 990 1021.67 11166 11166 1022.68 -1 M+H 1 0 4.58947 0 21 4.98986e-45
DNP Puwainaphycin_A_Puwainaphycin_A 2378 1234.72 7664 7664 1235.74 -1 M+H 1 0 12.0555 0 21 1.85758e-34
DNP,AntiMarin Majusculamide_C_Majusculamide_C 1092 984.59 7840 7840 985.603 -1 M+H 1 0 5.69262 0 20 4.1887e-36
DNP,AntiMarin Isocyclosporin_D_Isocyclosporin_D 1948 1215.86 4437 4437 1216.86 -1 M+H 1 0 -3.98334 0 20 5.4538e-38
DNP Iturin_A_Iturin_A3 566 1056.56 11338 11338 1057.57 -1 M+H 1 0 1.68448 0 19 6.81009e-33
AntiMarin Lichenysin-G5b 3809 1020.68 6237 6237 1021.69 -1 M+H 1 0 -1.26924 0 19 2.36121e-42
AntiMarin Bacillomycin_D2;_Raubitschek_substance 3816 1030.53 767 767 1031.54 -1 M+H 1 0 -1.29719 0 19 1.91373e-38
DNP,AntiMarin Daitocidin_Pumilacidin_F 1640 1049.7 4777 4777 1050.71 -1 M+H 1 0 3.22835 0 19 2.82729e-41
DNP BK_10_!BK_101C 72 1034.7 5274 5274 1035.71 -1 M+H 1 0 2.95201 0 19 4.85576e-39
AntiMarin hymenamide_B 3936 830.396 2546 2546 831.415 -1 M+H 1 0 13.1082 0 19 6.0267e-34
DNP,MIBiG,StreptomeDB,AntiMarin Etamycin_A_Etamycin_A 422 878.454 1058 1058 879.461 -1 M+H 1 0 -0.717063 0 18 3.42727e-37
DNP,AntiMarin Surfactin_Surfactin_C1 1091 1035.68 10206 10206 1036.69 -1 M+H 1 0 -0.928029 0 18 7.10625e-30
AntiMarin hymenamide_C 3892 826.401 3572 3572 827.409 -1 M+H 1 0 -0.242505 0 18 5.23071e-38
AntiMarin phakellistatin_1 4044 827.458 8336 8336 828.465 -1 M+H 1 0 -1.19281 0 18 2.30356e-39
AntiMarin Bacillomycin_D5;_Raubitschek_substance 3832 1058.56 3806 3806 1059.57 -1 M+H 1 0 -2.49104 0 18 1.07363e-37
AntiMarin Heptaibin 4672 1558.88 2762 2762 1559.88 -1 M+H 1 0 -2.39962 0 18 2.27886e-37
AntiMarin Phakellistatin_13 3791 798.406 10835 10835 799.422 -1 M+H 1 0 9.66202 0 18 5.44485e-38
DNP,AntiMarin Massetolides_Massetolide_H 494 1153.72 11239 11239 1154.72 -1 M+H 1 0 -7.63028 0 18 1.61912e-37
AntiMarin Emerimicin_IV;_Stilbellin_II;_Samarospor 4484 1572.89 7001 7001 1573.9 -1 M+H 1 0 0.387321 0 17 5.29396e-35
AntiMarin axinastatin_3 3940 780.453 7752 7752 781.46 -1 M+H 1 0 -1.58367 0 17 6.55603e-37
AntiMarin hymenamide_H 4170 903.522 6712 6712 904.529 -1 M+H 1 0 -0.719288 0 17 3.66058e-35
DNP Xentrivalpeptides_Xentrivalpeptide_N 747 873.5 10832 10832 874.501 -1 M+H 1 0 -7.8441 0 17 2.71513e-32
AntiMarin Lipopeptide_NO 4143 993.636 11555 11555 994.644 -1 M+H 1 0 -0.0110186 0 16 2.34624e-33
AntiMarin pseudoaxinellin 3847 752.422 2693 2693 753.429 -1 M+H 1 0 -1.24378 0 16 1.11668e-33
AntiMarin Pitiprolamide 4152 904.531 5280 5280 905.538 -1 M+H 1 0 -0.903889 0 16 3.69028e-29
AntiMarin Lichenysin_A 3789 1006.67 8034 8034 1007.68 -1 M+H 1 0 4.32572 0 16 1.42355e-33
MIBiG Taxillaid_structure_0 3305 807.547 4602 4602 808.549 -1 M+H 1 0 -7.18473 0 16 4.18784e-27
DNP Xentrivalpeptides_Xentrivalpeptide_A 302 859.484 5460 5460 860.487 -1 M+H 1 0 -6.05218 0 16 1.2897e-28
DNP Szentiamide_Szentiamide 1808 837.406 5198 5198 838.409 -1 M+H 1 0 -5.91282 0 16 6.86104e-32
DNP,AntiMarin Massetolides_Massetolide_F 429 1125.69 9397 9397 1126.69 -1 M+H 1 0 -6.66532 0 16 4.02818e-32
AntiMarin [Ile2Val7]-Surfactin_C14i_dimethyl_ester 4102 1035.68 9376 9376 1036.69 -1 M+H 1 0 -0.928029 0 15 1.36574e-30
AntiMarin Daitocidin_B2 3817 1063.71 8000 8000 1064.72 -1 M+H 1 0 -2.12583 0 15 3.70105e-30
DNP Bacillus_pumilus_KMM_1364_Lipodepsipeptides_KMM_1364F 2757 1077.73 1702 1702 1078.74 -1 M+H 1 0 1.93802 0 15 9.50605e-31
DNP,AntiMarin Dolastatin_1_15-Epimer,_31-methyl,_11-N-Me 2786 1012.62 4284 4284 1013.63 -1 M+H 1 0 1.2885 0 15 1.18441e-27
AntiMarin Gramicidin_C;_11-L-Tyrosinegramicidin_A; 4682 1858.05 4529 4529 1859.06 -1 M+H 1 0 -1.27757 0 15 1.0421e-38
AntiMarin Aurantin_II 4255 1254.63 5466 5466 1255.64 -1 M+H 1 0 2.94923 0 15 2.97278e-30
DNP,AntiMarin Schizopeptin_791_Schizopeptin_791 2033 791.458 9465 9465 792.471 -1 M+H 1 0 6.33388 0 15 3.84621e-34
DNP Xentrivalpeptides_Xentrivalpeptide_L 688 825.5 4466 4466 826.502 -1 M+H 1 0 -7.08882 0 15 1.58309e-28
DNP,AntiMarin Aspergillicin_A_Aspergillicin_A 2220 740.411 11122 11122 741.424 -1 M+H 1 0 7.15486 0 15 9.7624e-32
DNP,StreptomeDB,AntiMarin Tumescenamide_A_Tumescenamide_A 2326 699.421 3976 3976 700.433 -1 M+H 1 0 6.37833 0 15 5.82132e-36
DNP,AntiMarin Aspergillicin_B_Aspergillicin_B 2256 726.395 570 570 727.407 -1 M+H 1 0 5.43451 0 15 5.72211e-33
AntiMarin Lichenysin-G3 3801 1006.67 6705 6705 1007.67 -1 M+H 1 0 -5.60802 0 15 4.71465e-34
DNP,AntiMarin Massetolides_Massetolide_H 494 1153.72 6806 6806 1154.71 -1 M+H 1 0 -16.2979 0 15 7.74782e-30
DNP,AntiMarin Pitipeptolide_E_Pitipeptolide_E 2146 793.463 9598 9598 794.471 -1 M+H 1 0 0.751542 0 14 1.56304e-26
DNP Iturin_A_7-L-Asparagine_analogue 2159 1083.57 11510 11510 1084.58 -1 M+H 1 0 0.812794 0 14 1.84369e-27
DNP,AntiMarin Keramamide_A_Keramamide_A 1903 942.441 6842 6842 943.448 -1 M+H 1 0 -0.507623 0 14 3.49127e-32
AntiMarin Mycosubtilin_III 3872 1084.59 5612 5612 1085.6 -1 M+H 1 0 0.442221 0 14 9.70841e-23
DNP,AntiMarin Cyclosporin,_9CI_Cyclosporin_P 2419 1203.82 11215 11215 1204.83 -1 M+H 1 0 1.28119 0 14 3.45314e-24
AntiMarin [Ile7]-Surfactin_C14_monomethyl_ester 4089 1035.68 9307 9307 1036.69 -1 M+H 1 0 -0.928029 0 14 6.15636e-29
DNP,AntiMarin Bacillus_pumilus_KMM_1364_Lipodepsipeptides_KMM_1364E 2715 1063.71 1587 1587 1064.72 -1 M+H 1 0 -2.12583 0 14 3.41658e-25
AntiMarin [Ile7]-Surfactin_C14i_dimethyl_ester 4110 1049.7 11404 11404 1050.71 -1 M+H 1 0 3.22835 0 14 3.86244e-24
DNP,AntiMarin Daitocidin_Pumilacidin_F 1640 1049.7 6321 6321 1050.71 -1 M+H 1 0 3.22835 0 14 2.22629e-30
AntiMarin Lichenysin-G8b 3824 1048.71 7448 7448 1049.72 -1 M+H 1 0 -2.47506 0 14 8.55202e-32
AntiMarin Acremostatin_C 4479 1291.91 7093 7093 1292.92 -1 M+H 1 0 2.11107 0 14 4.46293e-36
DNP Iturin_A_Iturin_A6 669 1070.58 9330 9330 1071.58 -1 M+H 1 0 -3.61515 0 14 8.51283e-29
AntiMarin Peptidolipin_NA 3787 963.662 5763 5763 964.666 -1 M+H 1 0 -3.97626 0 14 1.31365e-30
AntiMarin [Ile2Val7]-Surfactin_C15_dimethyl_ester 4097 1049.7 6225 6225 1050.71 -1 M+H 1 0 3.22835 0 14 4.73149e-28
DNP,AntiMarin Cotteslosin_A_Cotteslosin_A 516 635.332 9998 9998 636.346 -1 M+H 1 0 9.87852 0 14 1.01307e-33
AntiMarin [8'-Hydroxy-MeBmf]1-cyclosporin 4522 1217.84 6353 6353 1218.85 -1 M+H 1 0 4.83829 0 14 6.45923e-27
DNP,AntiMarin Cyclosporin,_9CI_Cyclosporin_V 2658 1215.86 9648 9648 1216.87 -1 M+H 1 0 4.24129 0 14 6.60719e-27
AntiMarin [Ile7]-Surfactin_C13ai_dimethyl_ester 4106 1035.68 5510 5510 1036.68 -1 M+H 1 0 -10.5835 0 14 9.87706e-29
DNP,AntiMarin Ilamycins_Ilamycin_B2 1478 1027.57 1818 1818 1028.57 -1 M+H 1 0 -11.7553 0 14 2.20917e-34
DNP,MIBiG,AntiMarin Massetolides_Massetolide_A 78 1139.71 10357 10357 1140.7 -1 M+H 1 0 -11.5408 0 14 5.46172e-28
DNP Acuminatum_Acuminatum_B 1965 887.537 7768 7768 888.544 -1 M+H 1 0 -0.711243 0 13 5.82691e-26
AntiMarin stylostatin_1 3839 742.401 783 783 743.409 -1 M+H 1 0 -0.269943 0 13 3.08817e-26
DNP,AntiMarin Pseudodestruxin_C_Pseudodestruxin_C 2395 669.41 10916 10916 670.417 -1 M+H 1 0 -1.45528 0 13 1.38022e-24
AntiMarin Leucinostatin_A;_CC-1014;_ICI_13959;_M_1 4459 1217.84 11377 11377 1218.84 -1 M+H 1 0 -3.37297 0 13 3.2427e-34
DNP Trichopolyn_Trichopolyn_I 2274 1205.84 10589 10589 1206.85 -1 M+H 1 0 4.88644 0 13 2.74123e-32
DNP,AntiMarin Isaridins_Isaridin_E 1602 655.394 9954 9954 656.402 -1 M+H 1 0 -0.494533 0 12 4.12302e-20
DNP,AntiMarin Destruxins_Piperidine_homologue,_4',5'-dihydro,_4'ξ,5'-dihydroxy 1206 625.369 5696 5696 626.376 -1 M+H 1 0 -0.804795 0 12 8.53698e-22
DNP,AntiMarin Exumolide_A_Exumolide_A 3089 729.41 3462 3462 730.418 -1 M+H 1 0 0.0354008 0 12 1.03199e-25
DNP,AntiMarin Destruxins_Piperidine_homologue,_4'ξ,5'-epoxide 546 607.358 11041 11041 608.368 -1 M+H 1 0 3.39403 0 12 7.66397e-26
DNP,AntiMarin Aspergillicin_E_Aspergillicin_E 2295 754.427 2704 2704 755.432 -1 M+H 1 0 -3.11829 0 12 1.23918e-26
DNP,AntiMarin Sansalvamide_A_N9-Me 3213 600.389 4302 4302 601.393 -1 M+H 1 0 -5.84697 0 12 1.59624e-26
DNP Nostopeptolide_A_4'-Epimer 1192 1080.59 3558 3558 1081.59 -1 M+H 1 0 -3.12085 0 12 2.30317e-22
DNP Xentrivalpeptide_Q_Xentrivalpeptide_Q 1468 760.416 8236 8236 761.418 -1 M+H 1 0 -7.61141 0 12 3.19883e-23
DNP,AntiMarin Massetolides_Diastereoisomer 2957 1167.74 11644 11644 1168.75 -1 M+H 1 0 4.74997 0 12 4.82644e-27
DNP Pseudodesmin_A_Pseudodesmin_A 2552 1124.71 6106 6106 1125.72 -1 M+H 1 0 5.79038 0 12 4.69135e-25
DNP,AntiMarin PF_1171A_PF_1171A 1007 654.41 7960 7960 655.41 -1 M+H 1 0 -12.6962 0 12 1.35199e-24
DNP,AntiMarin Arenamide_B_Arenamide_B 2856 643.394 7307 7307 644.39 -1 M+H 1 0 -19.1548 0 12 3.68883e-25
DNP,StreptomeDB,AntiMarin Actinomycin_D,_8CI,_9CI,_JAN_43β-Oxo 856 1268.61 5738 5738 1269.63 -1 M+H 1 0 11.3791 0 12 4.35827e-25
AntiMarin Socein_A 3740 868.376 10630 10630 869.383 -1 M+H 1 0 -0.437122 0 11 3.55909e-23
DNP,AntiMarin Enniatins_Enniatin_H 479 653.425 8104 8104 654.434 -1 M+H 1 0 1.59844 0 11 1.56121e-22
DNP,AntiMarin Emericellamides_Emericellamide_A 736 609.41 9413 9413 610.416 -1 M+H 1 0 -3.23949 0 11 3.02352e-23
DNP,AntiMarin Destruxins_Piperidine_homologue,_4',5'-dihydro,_4'ξ,5'-dihydroxy 1206 625.369 5307 5307 626.375 -1 M+H 1 0 -2.40385 0 11 6.21633e-24
DNP,AntiMarin Destruxins_4',5'-Dihydro,_4'ξ,5'-dihydroxy 2668 611.353 8758 8758 612.36 -1 M+H 1 0 -1.39564 0 11 2.72465e-21
DNP,AntiMarin JBIR_113_JBIR_113 616 595.301 4771 4771 596.308 -1 M+H 1 0 -0.711789 0 11 1.50195e-25
DNP,AntiMarin Sporidesmolides_Sporidesmolide_I 1111 638.425 7742 7742 639.435 -1 M+H 1 0 2.67864 0 11 2.93145e-23
AntiMarin Leucinostatin_K;_Paecilotoxin_K 4491 1233.83 1370 1370 1234.84 -1 M+H 1 0 0.792361 0 11 1.19584e-28
DNP Acuminatum_Acuminatum_C 2007 873.521 10803 10803 874.53 -1 M+H 1 0 1.16632 0 11 2.99516e-21
AntiMarin Trichorovin-IVb 4133 1160.75 10319 10319 1161.76 -1 M+H 1 0 -0.95317 0 11 4.73201e-21
DNP Acuminatum_Acuminatum_B 1965 887.537 2030 2030 888.547 -1 M+H 1 0 2.6689 0 11 5.35972e-21
DNP Enniatins_Enniatin_O1 2914 667.441 266 266 668.445 -1 M+H 1 0 -5.40213 0 11 2.35351e-27
AntiMarin Trikoningin-KB-I 3868 1037.68 615 615 1038.69 -1 M+H 1 0 -2.59471 0 11 1.192e-25
DNP,AntiMarin Actinomycin_Au6a_Actinomycin_Au6a 964 1282.66 503 503 1283.67 -1 M+H 1 0 1.87116 0 11 3.7094e-21
DNP,AntiMarin Enniatins_Enniatin_J2 408 625.394 1961 1961 626.404 -1 M+H 1 0 3.74898 0 11 8.15925e-24
DNP,AntiMarin Isaridins_Isaridin_E 1602 655.394 3692 3692 656.399 -1 M+H 1 0 -5.07193 0 11 1.23923e-22
DNP,AntiMarin Surfactin_Surfactin_B1 952 1021.67 6538 6538 1022.67 -1 M+H 1 0 -5.19843 0 11 8.37511e-24
DNP,AntiMarin Isariins_Isariin_A 586 637.441 977 977 638.441 -1 M+H 1 0 -12.9805 0 11 5.89064e-23
DNP WS_9326A_WS_9326A 2302 1036.49 11836 11836 1037.49 -1 M+H 1 0 -8.11329 0 11 6.61503e-23
DNP,AntiMarin Cordyheptapeptide_A_Cordyheptapeptide_A 2828 879.489 6662 6662 880.489 -1 M+H 1 0 -9.42267 0 11 1.13962e-25
DNP,AntiMarin Destruxins_1-(3S-Methyl-L-proline)_analogue,_4',5'-dihydro,_4'S-hydroxy,_5'-chloro 216 643.335 8507 8507 644.35 -1 M+H 1 0 11.4771 0 11 5.3256e-23
AntiMarin WS-7338-A;_BE-18257-A 3561 598.311 3900 3900 599.326 -1 M+H 1 0 11.1601 0 11 1.18158e-25
DNP,AntiMarin Isariins_Isariin_G1 2438 609.41 10671 10671 610.411 -1 M+H 1 0 -11.4441 0 11 1.83222e-23
DNP Emericellamides_Emericellamide_C 1893 595.394 4972 4972 596.402 -1 M+H 1 0 -0.544369 0 10 1.99983e-21
DNP,AntiMarin Surfactin_Surfactin_C1 1091 1035.68 2551 2551 1036.69 -1 M+H 1 0 -0.928029 0 10 4.27776e-23
DNP,AntiMarin Microcystin_Microcystin_FR 1130 1028.53 7182 7182 1029.54 -1 M+H 1 0 -0.916707 0 10 2.89531e-18
DNP,AntiMarin Enniatins_Enniatin_B1 2182 653.425 627 627 654.432 -1 M+H 1 0 -1.46236 0 10 1.37502e-17
DNP,AntiMarin Antibiotic_WF_3161_Antibiotic_WF_3161 1175 568.326 1329 1329 569.333 -1 M+H 1 0 -1.60154 0 10 6.75811e-20
DNP,AntiMarin Isariins_Isariin_D 48 539.332 10886 10886 540.339 -1 M+H 1 0 -1.34214 0 10 9.79107e-22
DNP,AntiMarin Destruxins_Piperidine_homologue,_5'-carboxylic_acid 173 637.369 267 267 638.377 -1 M+H 1 0 0.779307 0 10 1.53137e-20
DNP,AntiMarin Cyclosporin,_9CI_Cyclosporin_R 2515 1173.81 497 497 1174.82 -1 M+H 1 0 1.79502 0 10 2.26794e-20
DNP,AntiMarin Isariins_Isariin_C2 2290 567.363 326 326 568.369 -1 M+H 1 0 -3.56736 0 10 5.36986e-21
AntiMarin Sporidesmolide_IV 3586 652.441 10017 10017 653.45 -1 M+H 1 0 1.62474 0 10 3.72236e-20
DNP,MIBiG,AntiMarin Destruxins_Destruxin_A 401 577.348 8275 8275 578.355 -1 M+H 1 0 -0.647654 0 10 1.13996e-18
DNP,AntiMarin Scopularide_A_Scopularide_A 771 671.426 11175 11175 672.437 -1 M+H 1 0 5.02774 0 10 9.11912e-21
DNP,AntiMarin Veraguamide_D_Veraguamide_D 3156 702.457 10375 10375 703.469 -1 M+H 1 0 6.27794 0 10 2.9903e-20
DNP,AntiMarin Enniatins_Enniatin_G 1008 667.441 11137 11137 668.454 -1 M+H 1 0 8.08221 0 10 9.6761e-21
DNP,AntiMarin Pseudodestruxin_C_Pseudodestruxin_C 2395 669.41 6723 6723 670.413 -1 M+H 1 0 -7.43069 0 10 2.11326e-21
AntiMarin Lichenysin-G1a 3793 992.652 1100 1100 993.656 -1 M+H 1 0 -4.02494 0 10 1.15977e-24
AntiMarin L-Valyl-L-leucyl-L-prolyl-L-valyl-L-prol 3719 651.396 862 862 652.4 -1 M+H 1 0 -5.19921 0 10 9.68513e-28
DNP,AntiMarin Veraguamide_E_Veraguamide_E 3180 716.472 10029 10029 717.484 -1 M+H 1 0 5.24782 0 10 2.90085e-20
DNP,AntiMarin Bursaphelocide_B_Bursaphelocide_B 1307 607.394 10904 10904 608.406 -1 M+H 1 0 6.0519 0 10 8.72712e-21
DNP SNA_60-367_SNA_60-367-2 433 1462.8 487 487 1463.8 -1 M+H 1 0 -2.56978 0 10 2.45619e-23
AntiMarin Grividomycin-III;_5-(4-Methylisoleucine) 3721 850.423 6653 6653 851.424 -1 M+H 1 0 -7.44309 0 10 1.1629e-23
DNP,AntiMarin Cyclosporin,_9CI_N5-De-Me 124 1173.81 2052 2052 1174.81 -1 M+H 1 0 -6.72425 0 10 3.20688e-19
DNP,AntiMarin Beauvericins_Beauvericin_D 380 769.394 8689 8689 770.394 -1 M+H 1 0 -9.94992 0 10 2.348e-21
AntiMarin Trichorovin-IXb 4141 1174.77 11351 11351 1175.77 -1 M+H 1 0 -5.7513 0 10 1.546e-23
DNP,AntiMarin Veraguamide_A_Debromo,_35,35,36,36-tetrahydro 1862 692.472 2788 2788 693.489 -1 M+H 1 0 12.6502 0 10 1.19348e-20
DNP,AntiMarin Veraguamide_A_Debromo,_35,36-dihydro 1834 690.457 3297 3297 691.473 -1 M+H 1 0 12.1803 0 10 1.4782e-20
AntiMarin Desferriferrichrome 3578 687.319 771 771 688.315 -1 M+H 1 0 -16.867 0 10 1.8956e-16
AntiMarin Trichorovin-VIIb 4127 1160.75 651 651 1161.75 -1 M+H 1 0 -9.56829 0 10 3.71767e-23
DNP Hypomurocin_A_Hypomurocin_A5 2416 1188.78 9187 9187 1189.78 -1 M+H 1 0 -10.4363 0 10 1.37345e-23
AntiMarin Emericellamide_B 3734 651.457 9666 9666 652.464 -1 M+H 1 0 -1.41893 0 9 9.4408e-19
DNP,AntiMarin Microsporin_B_6'-Ketone 1203 512.3 3431 3431 513.308 -1 M+H 1 0 0.594481 0 9 7.57906e-22
AntiMarin [Val7]-Surfactin_C13ai 4077 993.636 996 996 994.644 -1 M+H 1 0 -0.0110186 0 9 4.85458e-22
DNP,StreptomeDB,AntiMarin Actinomycin_C2_Actinomycin_C2 532 1268.64 6089 6089 1269.65 -1 M+H 1 0 -1.53698 0 9 1.62459e-17
AntiMarin Sporidesmolide_V 3592 666.457 10550 10550 667.463 -1 M+H 1 0 -2.38578 0 9 2.82276e-18
DNP,AntiMarin Sansalvamide_A_Sansalvamide_A 2593 586.373 10472 10472 587.379 -1 M+H 1 0 -3.17271 0 9 3.43542e-20
DNP,AntiMarin Pitipeptolide_A_7,8-Dihydro 1212 809.494 7994 7994 810.5 -1 M+H 1 0 -2.10478 0 9 8.53226e-17
DNP,AntiMarin Enniatins_Enniatin_K1 477 625.394 7698 7698 626.4 -1 M+H 1 0 -2.64699 0 9 1.11216e-18
DNP,AntiMarin Hantupeptin_A_7',7',8',8'-Tetrahydro 3094 740.472 5431 5431 741.477 -1 M+H 1 0 -4.3757 0 9 1.09865e-18
DNP Kurstakins_Kurstakin_4 187 905.497 5266 5266 906.508 -1 M+H 1 0 3.43269 0 9 5.6437e-21
DNP GameXPeptide_A_GameXPeptide_A 584 585.389 9950 9950 586.394 -1 M+H 1 0 -4.85968 0 9 4.82487e-17
DNP Etamycin_A_N9-De-Me 189 864.438 9088 9088 865.443 -1 M+H 1 0 -3.44714 0 9 3.39867e-22
DNP,AntiMarin Guineamide_G_Guineamide_G 2399 741.41 10267 10267 742.422 -1 M+H 1 0 5.42995 0 9 6.45879e-20
DNP,AntiMarin Isariins_Isariin_E 2320 553.348 4175 4175 554.359 -1 M+H 1 0 6.55298 0 9 5.47174e-19
DNP,AntiMarin Destruxins_Piperidine_homologue 371 591.363 10062 10062 592.368 -1 M+H 1 0 -5.11359 0 9 2.7381e-18
DNP,AntiMarin Veraguamide_A_Veraguamide_A 1748 766.352 922 922 767.365 -1 M+H 1 0 7.23881 0 9 4.73347e-19
AntiMarin [Ile4]Surfactin 3999 1021.67 2643 2643 1022.67 -1 M+H 1 0 -5.19843 0 9 4.68188e-19
DNP Aselacin_A_9''-Ketone 2506 906.485 6203 6203 907.498 -1 M+H 1 0 5.59299 0 9 8.76129e-20
DNP,AntiMarin Beauvericins_Beauvericin_F 483 797.425 897 897 798.44 -1 M+H 1 0 8.83401 0 9 1.87761e-19
AntiMarin Bacillomycin_D3;_Raubitschek_substance 3838 1044.55 3712 3712 1045.55 -1 M+H 1 0 -6.68887 0 9 8.58851e-21
DNP,AntiMarin Veraguamide_A_Debromo 1806 688.441 3148 3148 689.455 -1 M+H 1 0 8.80256 0 9 9.87564e-20
DNP,StreptomeDB Telomycin_Telomycin 2384 1271.55 10791 10791 1272.56 -1 M+H 1 0 4.96057 0 9 9.76212e-20
DNP,AntiMarin Enniatins_Enniatin_J1 375 611.378 4715 4715 612.38 -1 M+H 1 0 -9.82264 0 9 2.46535e-18
AntiMarin Brunsvicamide_B 4000 858.5 1618 1618 859.517 -1 M+H 1 0 10.2665 0 9 5.5348e-20
DNP,AntiMarin Actinomycin_D,_8CI,_9CI,_JAN_3α,3β-Bis-L-pipecolic_acid_homologue 932 1282.66 8075 8075 1283.68 -1 M+H 1 0 9.66746 0 9 1.3459e-16
AntiMarin Leucinostatin_N 4107 1119.76 2181 2181 1120.77 -1 M+H 1 0 -0.841963 0 8 8.17805e-22
DNP,MIBiG,AntiMarin Apicidin_Apicidin 369 623.368 2313 2313 624.377 -1 M+H 1 0 1.42875 0 8 2.55158e-19
DNP,AntiMarin Bursaphelocide_B_Bursaphelocide_B 1307 607.394 7380 7380 608.402 -1 M+H 1 0 -0.533614 0 8 9.62534e-19
AntiMarin [Ile2,Val7]-Surfactin_C14i 4086 1007.65 3130 3130 1008.66 -1 M+H 1 0 0.336414 0 8 1.12057e-18
DNP Halovirs_4'-Deoxy 220 849.63 5354 5354 850.636 -1 M+H 1 0 -2.51605 0 8 7.1131e-21
DNP,AntiMarin Microsporin_B_Microsporin_B 1856 514.316 8254 8254 515.322 -1 M+H 1 0 -2.61612 0 8 1.70359e-19
DNP,AntiMarin JBIR_114_JBIR_114 649 581.285 2792 2792 582.292 -1 M+H 1 0 -1.33096 0 8 6.47588e-18
DNP,AntiMarin Apramide_A_Apramide_A 2011 976.582 908 908 977.59 -1 M+H 1 0 0.197312 0 8 1.09043e-18
DNP Apicidin_Valine_analogue 473 609.353 1822 1822 610.362 -1 M+H 1 0 2.52842 0 8 3.05957e-19
DNP,AntiMarin Leucinostatin_D_N9-Oxide 2761 1133.78 4522 4522 1134.79 -1 M+H 1 0 3.00511 0 8 4.31704e-21
DNP,AntiMarin Thalassospiramide_B_Thalassospiramide_B 3104 1061.6 9989 9989 1062.61 -1 M+H 1 0 -2.55352 0 8 3.89502e-18
DNP,AntiMarin Destruxins_4',5'-Dihydro,_5'-hydroxy,_4'ξ-chloro 253 629.319 4018 4018 630.325 -1 M+H 1 0 -3.12447 0 8 9.24733e-18
DNP,AntiMarin Beauvericins_Beauvericin_B 2329 811.441 6028 6028 812.444 -1 M+H 1 0 -5.67583 0 8 8.99614e-17
DNP Pyoverdin_D_Amide 998 1332.61 6216 6216 1333.61 -1 M+H 1 0 -2.75166 0 8 8.89133e-18
AntiMarin Beauvericin_G2 3780 755.378 1438 1438 756.382 -1 M+H 1 0 -5.30244 0 8 6.92138e-17
StreptomeDB,AntiMarin E'Pepsinostreptin' 3484 671.447 719 719 672.447 -1 M+H 1 0 -11.5476 0 8 1.11627e-21
DNP Hypomurocin_A_Hypomurocin_A2 2310 1174.77 7013 7013 1175.77 -1 M+H 1 0 -5.7513 0 8 3.16864e-18
DNP,AntiMarin Ilamycins_Ilamycin_A 1403 1041.55 11130 11130 1042.55 -1 M+H 1 0 -10.8914 0 8 6.74679e-18
StreptomeDB,AntiMarin Ahpatinin_C 3371 685.463 9898 9898 686.483 -1 M+H 1 0 18.3764 0 8 2.01656e-16
DNP,AntiMarin Hormonemate_Hormonemate 708 752.419 823 823 753.426 -1 M+H 1 0 -1.67598 0 7 1.22749e-16
DNP,AntiMarin Massetolides_Massetolide_H 494 1153.72 5628 5628 1154.73 -1 M+H 1 0 1.03733 0 7 2.11487e-17
DNP Almiramide_C_7,8-Didehydro 2363 724.489 5581 5581 725.497 -1 M+H 1 0 0.608912 0 7 1.03811e-17
AntiMarin Pepstatin_B 3593 699.478 5213 5213 700.486 -1 M+H 1 0 -0.0768337 0 7 6.62604e-19
AntiMarin WS-7338-D 3558 584.296 3742 3742 585.303 -1 M+H 1 0 -1.1513 0 7 8.10806e-18
DNP Almiramide_C_Almiramide_C 1581 726.504 2766 2766 727.513 -1 M+H 1 0 1.08889 0 7 4.00579e-19
DNP,AntiMarin 1-Alaninechlamydocin_1-Alaninechlamydocin 1654 512.263 2496 2496 513.27 -1 M+H 1 0 -2.55717 0 7 9.10093e-17
AntiMarin Trichorovin-VIIb 4127 1160.75 2477 2477 1161.76 -1 M+H 1 0 -0.95317 0 7 2.07129e-17
DNP,AntiMarin Ornibactin_C4_N5-Deacyl,_N5-(3ξ-hydroxyhexanoyl) 651 708.365 9496 9496 709.37 -1 M+H 1 0 -4.52991 0 7 6.02563e-18
DNP,AntiMarin Ilamycins_Ilamycin_B1 1440 1011.58 10520 10520 1012.59 -1 M+H 1 0 2.80277 0 7 3.0856e-18
DNP Almiramide_C_7,8-Dihydro,_7-oxo 2328 742.499 9786 9786 743.51 -1 M+H 1 0 3.87403 0 7 2.06271e-17
DNP,AntiMarin Ornibactin_C4_N5-Deacyl,_N5-(3ξ-hydroxyoctanoyl) 587 736.397 7445 7445 737.4 -1 M+H 1 0 -6.123 0 7 7.71722e-18
DNP,AntiMarin Enniatins_Enniatin_M1 2942 683.436 11001 11001 684.439 -1 M+H 1 0 -6.61397 0 7 1.9002e-16
DNP,AntiMarin Cotteslosin_B_Cotteslosin_B 549 649.348 2088 2088 650.359 -1 M+H 1 0 5.58418 0 7 5.18119e-17
DNP,AntiMarin Veraguamide_K_Veraguamide_K 1312 812.393 4417 4417 813.407 -1 M+H 1 0 6.99497 0 7 8.44178e-17
StreptomeDB,AntiMarin acetyl-pepstatin 3398 643.416 5788 5788 644.431 -1 M+H 1 0 11.7288 0 7 6.24035e-18
DNP,AntiMarin Stendomycin_Stendomycin 2425 1628.03 7145 7145 1629.05 -1 M+H 1 0 8.9124 0 7 7.15191e-18
AntiMarin RHM_1 4221 1035.73 4200 4200 1036.74 -1 M+H 1 0 1.37098 0 6 1.60827e-17
AntiMarin RHM_2 4211 1021.72 6315 6315 1022.72 -1 M+H 1 0 -2.86769 0 6 2.1597e-16
DNP,AntiMarin Actinomycin_D,_8CI,_9CI,_JAN_43βS-Hydroxy 933 1270.62 10269 10269 1271.63 -1 M+H 1 0 -0.955778 0 9 4.48014e-16
DNP,AntiMarin Pleofungin_A_Pleofungin_A 3140 1094.72 8691 8691 1095.73 -1 M+H 1 0 1.75851 0 9 3.86347e-16
DNP,AntiMarin Coibamide_A_Coibamide_A 3253 1286.81 3076 3076 1287.83 -1 M+H 1 0 9.36225 0 9 4.45733e-16
DNP,AntiMarin Dolastatin_D_Dolastatin_D 585 573.341 8245 8245 574.355 -1 M+H 1 0 10.071 0 8 5.72829e-16
DNP,StreptomeDB,AntiMarin Tumescenamide_B_Tumescenamide_B 2360 741.468 5225 5225 742.476 -1 M+H 1 0 0.689096 0 7 3.91265e-16
DNP,AntiMarin Enniatins_Enniatin_H 479 653.425 2076 2076 654.428 -1 M+H 1 0 -7.58395 0 7 4.79551e-16
DNP,MIBiG,StreptomeDB,AntiMarin Valinomycin_Valinomycin 604 1110.63 2128 2128 1111.64 -1 M+H 1 0 0.913761 0 13 1.05164e-15
AntiMarin Malformin-B4 3584 529.239 11099 11099 530.246 -1 M+H 1 0 -2.05163 0 7 8.9584e-16
DNP,AntiMarin Dolastatin_15_Dolastatin_15 2477 836.505 7319 7319 837.521 -1 M+H 1 0 10.0384 0 6 7.44469e-16
DNP Rakicidin_A_Rakicidin_A 475 606.399 65 65 607.41 -1 M+H 1 0 4.82332 0 7 1.03675e-15
DNP,AntiMarin Veraguamide_B_Debromo,_35,35,36,36-tetrahydro 1713 678.457 6170 6170 679.473 -1 M+H 1 0 12.3957 0 7 8.43637e-16
DNP Dragonamide_A_Dragonamide_A 2671 653.452 4253 4253 654.452 -1 M+H 1 0 -11.3934 0 6 8.20822e-16
DNP Radamycin_Radamycin 2808 1105.27 10508 10508 1106.29 -1 M+H 1 0 7.25205 0 9 1.27845e-15
DNP Isaridins_Isaridin_C1 1525 669.41 7486 7486 670.413 -1 M+H 1 0 -7.43069 0 7 1.19579e-15
DNP,AntiMarin Brunsvicamide_C_Brunsvicamide_C 2979 876.475 4378 4378 877.492 -1 M+H 1 0 10.9925 0 7 1.3545e-15
DNP,AntiMarin Veraguamide_B_Debromo 1684 674.425 962 962 675.442 -1 M+H 1 0 12.9149 0 7 1.45179e-15
DNP,AntiMarin Isariins_Isariin_A 586 637.441 5438 5438 638.44 -1 M+H 1 0 -14.5493 0 8 1.72969e-15
DNP,AntiMarin Ornibactin_C4_Ornibactin_C4 618 680.334 5611 5611 681.34 -1 M+H 1 0 -2.80554 0 6 1.57126e-15
DNP,AntiMarin Enniatins_Enniatin_L 2915 669.42 7053 7053 670.433 -1 M+H 1 0 7.66311 0 7 2.44036e-15
DNP Somamide_B_Somamide_B 1780 918.449 6109 6109 919.454 -1 M+H 1 0 -2.77046 0 8 2.70715e-15
AntiMarin Trichorovin-Ia 4122 1146.74 7042 7042 1147.75 -1 M+H 1 0 3.96225 0 6 2.86407e-15
AntiMarin Trichovirin_I-7A 4395 1427.91 10406 10406 1428.91 -1 M+H 1 0 -6.58161 0 6 2.65363e-15
DNP,AntiMarin Enniatins_Enniatin_G 1008 667.441 4739 4739 668.448 -1 M+H 1 0 -0.907353 0 10 3.93435e-15
DNP,AntiMarin Kulomoopunalide_2_Kulomoopunalide_2 3055 702.457 2348 2348 703.466 -1 M+H 1 0 2.00721 0 8 4.04826e-15
DNP,AntiMarin Majusculamide_D_Majusculamide_D 61 811.473 11603 11603 812.481 -1 M+H 1 0 0.0389839 0 7 4.69805e-15
DNP,AntiMarin Precarriebowmide_S,S-Dioxide 2097 896.472 7704 7704 897.482 -1 M+H 1 0 2.69037 0 7 6.35051e-15
DNP Carmabin_A_Carmabin_A 376 703.431 11680 11680 704.44 -1 M+H 1 0 1.83441 0 6 6.17232e-15
DNP,AntiMarin Oxachelin_Oxachelin 2353 635.255 1163 1163 636.267 -1 M+H 1 0 6.40672 0 6 9.01711e-15
DNP,AntiMarin Cocosamide_A_Cocosamide_A 1147 743.426 6418 6418 744.436 -1 M+H 1 0 3.19569 0 7 1.15837e-14
DNP,AntiMarin Cyclosporin,_9CI_Cyclosporin_Z 1135 1173.85 10427 10427 1174.85 -1 M+H 1 0 -3.64484 0 7 1.34289e-14
DNP Dragonamide_A_2',3'-Didehydro 773 651.436 3669 3669 652.434 -1 M+H 1 0 -15.036 0 6 1.33298e-14
DNP Pseudodesmin_B_Pseudodesmin_B 123 1110.69 7927 7927 1111.71 -1 M+H 1 0 10.9505 0 6 1.59541e-14
DNP,AntiMarin Pseudacyclin_A_Pseudacyclin_A 2974 739.463 8393 8393 740.471 -1 M+H 1 0 -0.0978836 0 6 1.70021e-14
DNP,AntiMarin Apramide_A_2'-Demethyl 115 962.566 7262 7262 963.576 -1 M+H 1 0 1.91442 0 6 1.86312e-14
DNP,AntiMarin [D-Asp3,(E)-Dhb7]Microcystin_LR_9'-O-De-Me,_9'-Ac 719 1008.53 8484 8484 1009.54 -1 M+H 1 0 4.10748 0 9 1.91874e-14
DNP Carmabin_A_9,9,10,10-Tetrahydro,_9-oxo 3239 721.441 10614 10614 722.446 -1 M+H 1 0 -4.53856 0 6 2.78199e-14
DNP Hypomurocin_A_Hypomurocin_A2 2310 1174.77 6438 6438 1175.78 -1 M+H 1 0 2.761 0 6 3.33888e-14
DNP,AntiMarin Apramide_A_7',8'-Dihydro 69 978.598 1074 1074 979.613 -1 M+H 1 0 7.70759 0 6 3.49286e-14
DNP,AntiMarin FR_900359_FR_900359 600 1001.53 97 97 1002.53 -1 M+H 1 0 -9.92462 0 8 5.13234e-14
DNP,AntiMarin Enniatins_Enniatin_MK_1688 590 681.456 5650 5650 682.466 -1 M+H 1 0 2.55971 0 7 5.28564e-14
AntiMarin Harzianin_HC-13 4407 1443.91 8868 8868 1444.92 -1 M+H 1 0 3.93891 0 6 5.32373e-14
DNP,AntiMarin Hantupeptin_A_7',8'-Dihydro 3057 738.457 9911 9911 739.462 -1 M+H 1 0 -3.50734 0 7 6.76059e-14
DNP,AntiMarin Beauvericins_4'''-Hydroxy 1014 799.404 10333 10333 800.413 -1 M+H 1 0 0.975604 0 6 8.34992e-14
DNP,AntiMarin Bursaphelocide_A_Bursaphelocide_A 1282 593.379 11158 11158 594.386 -1 M+H 1 0 -1.13595 0 9 9.0583e-14
DNP Dragomabin_Dragomabin 294 661.384 7 7 662.394 -1 M+H 1 0 3.3877 0 6 9.26402e-14
DNP,AntiMarin Sporidesmolides_N6-De-Me 739 624.41 1866 1866 625.416 -1 M+H 1 0 -2.6262 0 7 9.71375e-14
DNP,MIBiG,AntiMarin Glidobactamine_NThr-(2E,4E-Dodecadienoyl) 2905 520.326 3911 3911 521.332 -1 M+H 1 0 -3.67116 0 6 1.20343e-13
DNP,AntiMarin Enniatins_N,N'-Di-de-Me 1603 611.378 623 623 612.393 -1 M+H 1 0 11.4408 0 6 1.55286e-13
DNP,MIBiG,AntiMarin Bassianolide_Bassianolide 2265 908.609 5413 5413 909.614 -1 M+H 1 0 -2.64054 0 7 1.58558e-13
DNP,AntiMarin Cyclosporin,_9CI_9-(N-Methyl-L-isoleucine)_analogue 1062 1201.84 9630 9630 1202.85 -1 M+H 1 0 0.671373 0 9 2.11694e-13
AntiMarin E-Dehydroapratoxin_A 4064 821.476 4513 4513 822.482 -1 M+H 1 0 -2.368 0 6 2.99658e-13
DNP,AntiMarin Hantupeptin_A_Hantupeptin_A 2362 736.441 987 987 737.447 -1 M+H 1 0 -2.63423 0 7 3.34238e-13
DNP,AntiMarin Mozamide_A_Deoxy 2918 844.485 971 971 845.502 -1 M+H 1 0 11.2067 0 6 4.04791e-13
DNP,AntiMarin Antibiotic_WIN_66306_Antibiotic_WIN_66306 659 800.386 1082 1082 801.402 -1 M+H 1 0 10.557 0 6 4.9207e-13
DNP,AntiMarin Symplostatin_2_Symplostatin_2 492 1050.51 7231 7231 1051.51 -1 M+H 1 0 -7.07297 0 6 5.81615e-13
AntiMarin Protodestruxin 3548 579.363 11413 11413 580.368 -1 M+H 1 0 -5.2195 0 6 7.15014e-13
DNP,AntiMarin Antibiotic_WIN_68577_Antibiotic_WIN_68577 412 732.323 8739 8739 733.33 -1 M+H 1 0 -1.29736 0 8 1.18603e-12
DNP,AntiMarin Destruxins_NVal-De-Me 472 563.332 2020 2020 564.341 -1 M+H 1 0 2.26535 0 6 1.28807e-12
DNP,AntiMarin Versicotide_A_Versicotide_A 325 479.217 2400 2400 480.22 -1 M+H 1 0 -9.79535 0 6 2.3181e-12
DNP Rakicidin_B_Rakicidin_B 511 620.415 10420 10420 621.422 -1 M+H 1 0 -1.1689 0 6 3.20986e-12
DNP,AntiMarin Destruxins_2-Valine_analogue,_5'-carboxylic_acid 979 609.337 10525 10525 610.335 -1 M+H 1 0 -16.7447 0 7 2.28683e-11
DNP,AntiMarin Antibiotic_WIN_66306_Antibiotic_WIN_66306 659 800.386 1139 1139 801.393 -1 M+H 1 0 -0.687595 0 7 5.89587e-11
DNP,MIBiG,AntiMarin Bacillibactin_Bacillibactin 712 882.256 5933 5933 883.265 -1 M+H 1 0 1.83211 0 6 7.64327e-11
DNP,MIBiG,AntiMarin Massetolides_Massetolide_A 78 1139.71 10278 10278 1140.72 -1 M+H 1 0 6.00754 0 7 1.15263e-09
DNP Cyclolinopeptide_E_S-Oxide 3223 992.541 7535 7535 993.536 -1 M+H 1 0 -12.4291 0 6 1.18132e-09
AntiMarin Monamycin-Ca 3858 689.411 5554 5554 690.421 -1 M+H 1 0 2.84763 0 6 2.95785e-09
DNP Daptomycin,_BAN,_INN,_USAN_Daptomycin,_BAN,_INN,_USAN 2020 1619.71 7265 7265 1620.72 -1 M+H 1 0 1.11653 0 6 2.99392e-09
DNP,AntiMarin Enniatins_Enniatin_A 299 681.456 8209 8209 682.464 -1 M+H 1 0 -0.37518 0 6 2.15114e-08
DNP,AntiMarin Enniatins_Enniatin_B 1804 639.409 242 242 640.416 -1 M+H 1 0 -2.04169 0 6 2.24975e-08
DNP Astin_J_Astin_J 327 515.238 9627 9627 516.245 -1 M+H 1 0 -1.59824 0 5 1
DNP,AntiMarin Salinamide_E_Salinamide_E 872 854.443 5543 5543 855.45 -1 M+H 1 0 -0.464067 0 5 1
DNP Apicidin_Pyrrolidine_analogue 510 609.353 10814 10814 610.36 -1 M+H 1 0 -0.753749 0 5 1
DNP Halovirs_Halovir_A 147 865.625 1467 1467 866.633 -1 M+H 1 0 -0.0604554 0 5 1
AntiMarin Harzianin_HC-15 4392 1427.91 652 652 1428.92 -1 M+H 1 0 0.421632 0 5 1
DNP Dragonamide_B_Dragonamide_B 1077 605.452 11298 11298 606.46 -1 M+H 1 0 0.916567 0 5 1
AntiMarin versicoloritide_A 3632 559.279 5328 5328 560.289 -1 M+H 1 0 3.04972 0 5 1
DNP,AntiMarin Dolastatin_10_Homologue_(R_=_CH3) 2063 798.508 9063 9063 799.518 -1 M+H 1 0 3.03099 0 5 1
DNP,AntiMarin Massetolides_Massetolide_E 391 1111.67 2825 2825 1112.68 -1 M+H 1 0 -1.66688 0 5 1
DNP Prexenocoumacin_A_N2''-Deacyl,_N2''-(4-phenylbutanoyl) 1683 725.375 7375 7375 726.379 -1 M+H 1 0 -5.03368 0 5 1
DNP Prexenocoumacin_A_N2''-Deacyl,_N2''-octanoyl 1549 705.406 6181 6181 706.41 -1 M+H 1 0 -5.60164 0 5 1
AntiMarin Stenothricin_component_III 3976 1159.62 2786 2786 1160.62 -1 M+H 1 0 -3.17881 0 5 1
DNP,AntiMarin SP-Chymostatin_B_1-Alcohol 1494 597.327 8198 8198 598.34 -1 M+H 1 0 7.85636 0 5 1
AntiMarin Trichorovin-IIb 4125 1146.74 10376 10376 1147.74 -1 M+H 1 0 -4.75812 0 5 1
DNP,AntiMarin Chymostatin_1'-Alcohol 1109 595.312 77 77 596.315 -1 M+H 1 0 -7.82299 0 5 1
AntiMarin SPF-5506-A4 4706 1443.91 4686 4686 1444.91 -1 M+H 1 0 -2.98673 0 5 1
AntiMarin RHM3 4208 1007.7 561 561 1008.7 -1 M+H 1 0 -7.22428 0 5 1
DNP,StreptomeDB,AntiMarin Octavalinomycin_Octavalinomycin 1314 740.421 1599 1599 741.42 -1 M+H 1 0 -11.6129 0 5 1
AntiMarin Trichovirin_I-3C 4397 1429.89 6754 6754 1430.89 -1 M+H 1 0 -6.05816 0 5 1
DNP Hypomurocin_A_Hypomurocin_A1 2238 1160.75 3060 3060 1161.77 -1 M+H 1 0 7.66195 0 5 1
DNP,AntiMarin Dolastatin_10_Dolastatin_10 2361 784.492 1140 1140 785.513 -1 M+H 1 0 16.6609 0 5 1
DNP Daitocidin_Daitocidin_A1 2096 881.511 2741 2741 882.506 -1 M+H 1 0 -14.5324 0 5 1
DNP,AntiMarin Microcystin_Microcystin_LA 1160 909.485 4764 4764 910.492 -1 M+H 1 0 -0.654969 0 4 1
DNP,AntiMarin Ahpatinin_F_Ahpatinin_F 1685 719.447 1696 1696 720.454 -1 M+H 1 0 -1.04749 0 4 1
DNP,AntiMarin Aspochracin_N2-Deacyl,_N2-(6S*,7R*-dihydroxy-2E,4E-octadienoyl) 1737 466.279 10885 10885 467.286 -1 M+H 1 0 -2.05886 0 4 1
MIBiG Xenotetrapeptide_structure_0 3310 410.289 8062 8062 411.296 -1 M+H 1 0 -2.75601 0 4 1
DNP,MIBiG,StreptomeDB,AntiMarin Quinomycin_A_Quinomycin_A 1441 1100.42 10042 10042 1101.43 -1 M+H 1 0 1.24317 0 4 1
DNP Rakicidin_D_Rakicidin_D 1300 494.274 1960 1960 495.28 -1 M+H 1 0 -3.79269 0 4 1
DNP,AntiMarin [D-Asp3,(E)-Dhb7]Microcystin_LR_[D-Asp3,(E)-Dhb7]Microcystin_LR 1473 980.533 183 183 981.54 -1 M+H 1 0 -0.96158 0 4 1
DNP,AntiMarin Amonabactin_P_750_Amonabactin_P_750 2215 750.322 10002 10002 751.328 -1 M+H 1 0 -3.04054 0 4 1
DNP Hypomurocin_A_Hypomurocin_A4 2377 1174.77 11577 11577 1175.78 -1 M+H 1 0 2.761 0 4 1
DNP,MIBiG,StreptomeDB,AntiMarin Enterobactin_Enterobactin 1894 669.144 3029 3029 670.164 -1 M+H 1 0 17.8702 0 4 1
AntiMarin Gramicidin-J;_Gramicidin-J1 3673 831.501 3666 3666 832.526 -1 M+H 1 0 21.0216 0 4 1
AntiMarin hymenamide_F 3797 764.437 5613 5613 765.426 -1 M+H 1 0 -24.2532 0 4 1
DNP,AntiMarin Beauveriolide_I_3-D-Alloisoleucine_analogue 136 487.305 6887 6887 488.312 -1 M+H 1 0 -0.916211 0 3 1
DNP Microcystin_Microcystin_LF 30 985.516 8565 8565 986.523 -1 M+H 1 0 -0.908978 0 3 1
DNP,AntiMarin Mulundocandin_Mulundocandin 2895 1007.54 3499 3499 1008.55 -1 M+H 1 0 -0.500718 0 3 1
DNP,AntiMarin Kapakahine_B_Kapakahine_B 2228 848.401 7502 7502 849.408 -1 M+H 1 0 -0.950583 0 3 1
DNP Bottromycin_Bottromycin_C2 2980 836.462 6762 6762 837.469 -1 M+H 1 0 -0.827501 0 3 1
DNP Astin_Astin_C 2969 569.181 8087 8087 570.188 -1 M+H 1 0 -1.07922 0 3 1
DNP,AntiMarin Ulongamide_D_Ulongamide_D 682 671.335 2172 2172 672.342 -1 M+H 1 0 -1.6306 0 3 1
AntiMarin Stenothricin_component_II 3920 1103.55 10295 10295 1104.56 -1 M+H 1 0 -0.984056 0 3 1
DNP Myxochromide_S_Myxochromide_S1 945 722.4 10524 10524 723.408 -1 M+H 1 0 -0.190716 0 3 1
DNP,AntiMarin Aspochracin_N12-De-Me 1351 418.258 4877 4877 419.265 -1 M+H 1 0 -1.98593 0 3 1
DNP Bouvardin_6'S-Acetoxy,_5'-deoxy,_6''-O-β-D-glucopyranoside 1218 976.407 4991 4991 977.414 -1 M+H 1 0 -0.414728 0 3 1
DNP Pyoverdin_D_Pyoverdin_D 962 1333.59 11798 11798 1334.6 -1 M+H 1 0 1.73781 0 3 1
DNP,AntiMarin Beauveriolide_VIII_Beauveriolide_VIII 2562 467.336 11123 11123 468.341 -1 M+H 1 0 -5.87715 0 3 1
AntiMarin Aculeacin_A 4336 1035.57 11356 11356 1036.58 -1 M+H 1 0 -1.74264 0 3 1
DNP Coprogen_Coprogen 1082 768.391 8031 8031 769.4 -1 M+H 1 0 2.1331 0 3 1
DNP Etamycin_A_N9-De-Me 189 864.438 4121 4121 865.442 -1 M+H 1 0 -4.60397 0 3 1
DNP,AntiMarin Serinocyclin_A_Serinocyclin_A 2058 672.308 11182 11182 673.319 -1 M+H 1 0 4.91746 0 3 1
DNP Prexenocoumacin_A_Prexenocoumacin_A 295 691.39 3131 3131 692.395 -1 M+H 1 0 -4.77497 0 3 1
StreptomeDB E'vinaceuline' 3411 422.195 3284 3284 423.2 -1 M+H 1 0 -7.65138 0 3 1
DNP,StreptomeDB,AntiMarin Salinamide_A_Salinamide_A 1641 1019.49 10170 10170 1020.49 -1 M+H 1 0 -2.93246 0 3 1
DNP,MIBiG,AntiMarin HC_Toxin_I_HC_Toxin_I 1702 436.232 2972 2972 437.235 -1 M+H 1 0 -11.4843 0 3 1
DNP,AntiMarin Leucinostatin_D_N-De-Me 2718 1103.77 1558 1558 1104.77 -1 M+H 1 0 -5.46144 0 3 1
DNP,AntiMarin Coprogen_N5'-Deacyl,_N5'-Ac 2499 698.349 5088 5088 699.35 -1 M+H 1 0 -9.30213 0 3 1
DNP,AntiMarin Raocyclamide_A_Raocyclamide_A 1706 550.2 1192 1192 551.197 -1 M+H 1 0 -19.3817 0 3 1
DNP Viequeamide_A_Viequeamide_A 1929 803.504 2011 2011 804.502 -1 M+H 1 0 -12.7796 0 3 1
AntiMarin prepatellamide-B-formate 3918 822.319 6322 6322 823.315 -1 M+H 1 0 -14.7474 0 3 1
DNP Microcystin_Microcystin_LY 232 1001.51 11506 11506 1002.53 -1 M+H 1 0 11.1727 0 3 1
DNP Tunicyclin_D_Tunicyclin_D 2508 900.461 5229 5229 901.479 -1 M+H 1 0 11.72 0 3 1
DNP N-β-Alanyltyrosine_Z-β-Ala-Tyr-OMe 795 400.163 1720 1720 401.159 -1 M+H 1 0 -30.6414 0 3 1
DNP,AntiMarin Hoiamide_A_Hoiamide_A 1871 925.436 5875 5875 926.458 -1 M+H 1 0 14.9869 0 3 1
DNP HC_Toxin_I_3''β-Hydroxy 3149 452.227 10506 10506 453.25 -1 M+H 1 0 33.3363 0 3 1
AntiMarin Trichogin 3509 443.176 10036 10036 444.202 -1 M+H 1 0 39.9709 0 3 1
#INFO: DONE
